2020-08-09 09:44:25,063 INFO 9259 [egg:logger] init all loggers with options: {"dir":"/Users/koolearn/Documents/study/egg-example/logs/egg-example","encoding":"utf8","env":"local","level":"INFO","consoleLevel":"INFO","disableConsoleAfterReady":false,"outputJSON":false,"buffer":true,"appLogName":"egg-example-web.log","coreLogName":"egg-web.log","agentLogName":"egg-agent.log","errorLogName":"common-error.log","coreLogger":{"consoleLevel":"WARN"},"allowDebugAtProd":false,"type":"application"}
2020-08-09 09:44:25,082 INFO 9259 [egg-multipart] stream mode enable
2020-08-09 09:44:25,120 INFO 9259 [egg-static] starting static serve /public/ -> /Users/koolearn/Documents/study/egg-example/app/public
2020-08-09 09:44:25,121 INFO 9259 [egg-security] use csrf middleware
2020-08-09 09:44:25,123 INFO 9259 [egg-security] use methodnoallow middleware
2020-08-09 09:44:25,124 INFO 9259 [egg-security] use noopen middleware
2020-08-09 09:44:25,124 INFO 9259 [egg-security] use nosniff middleware
2020-08-09 09:44:25,124 INFO 9259 [egg-security] use xssProtection middleware
2020-08-09 09:44:25,124 INFO 9259 [egg-security] use xframe middleware
2020-08-09 09:44:25,125 INFO 9259 [egg-security] use dta middleware
2020-08-09 09:44:25,125 INFO 9259 [egg-security] compose 7 middlewares into one security middleware
2020-08-09 09:44:25,131 INFO 9259 [egg:core] dump config after load, 3ms
2020-08-09 09:44:25,141 INFO 9259 [egg-watcher:application] watcher start success
2020-08-09 09:44:25,147 INFO 9259 [egg:core] dump config after ready, 3ms
2020-08-09 09:50:49,378 INFO 9319 [egg:logger] init all loggers with options: {"dir":"/Users/koolearn/Documents/study/egg-example/logs/egg-example","encoding":"utf8","env":"local","level":"INFO","consoleLevel":"INFO","disableConsoleAfterReady":false,"outputJSON":false,"buffer":true,"appLogName":"egg-example-web.log","coreLogName":"egg-web.log","agentLogName":"egg-agent.log","errorLogName":"common-error.log","coreLogger":{"consoleLevel":"WARN"},"allowDebugAtProd":false,"type":"application"}
2020-08-09 09:50:49,402 INFO 9319 [egg-multipart] stream mode enable
2020-08-09 09:50:49,492 INFO 9319 [egg-static] starting static serve /public/ -> /Users/koolearn/Documents/study/egg-example/app/public
2020-08-09 09:50:49,495 INFO 9319 [egg-security] use csrf middleware
2020-08-09 09:50:49,496 INFO 9319 [egg-security] use methodnoallow middleware
2020-08-09 09:50:49,497 INFO 9319 [egg-security] use noopen middleware
2020-08-09 09:50:49,498 INFO 9319 [egg-security] use nosniff middleware
2020-08-09 09:50:49,499 INFO 9319 [egg-security] use xssProtection middleware
2020-08-09 09:50:49,500 INFO 9319 [egg-security] use xframe middleware
2020-08-09 09:50:49,501 INFO 9319 [egg-security] use dta middleware
2020-08-09 09:50:49,501 INFO 9319 [egg-security] compose 7 middlewares into one security middleware
2020-08-09 09:50:49,510 INFO 9319 [egg:core] dump config after load, 4ms
2020-08-09 09:50:49,518 INFO 9319 [egg-watcher:application] watcher start success
2020-08-09 09:50:49,524 INFO 9319 [egg:core] dump config after ready, 5ms
2020-08-09 09:51:58,412 INFO 9322 [egg:logger] init all loggers with options: {"dir":"/Users/koolearn/Documents/study/egg-example/logs/egg-example","encoding":"utf8","env":"local","level":"INFO","consoleLevel":"INFO","disableConsoleAfterReady":false,"outputJSON":false,"buffer":true,"appLogName":"egg-example-web.log","coreLogName":"egg-web.log","agentLogName":"egg-agent.log","errorLogName":"common-error.log","coreLogger":{"consoleLevel":"WARN"},"allowDebugAtProd":false,"type":"application"}
2020-08-09 09:51:58,430 INFO 9322 [egg-multipart] stream mode enable
2020-08-09 09:51:58,463 INFO 9322 [egg-static] starting static serve /public/ -> /Users/koolearn/Documents/study/egg-example/app/public
2020-08-09 09:51:58,464 INFO 9322 [egg-security] use csrf middleware
2020-08-09 09:51:58,464 INFO 9322 [egg-security] use methodnoallow middleware
2020-08-09 09:51:58,465 INFO 9322 [egg-security] use noopen middleware
2020-08-09 09:51:58,465 INFO 9322 [egg-security] use nosniff middleware
2020-08-09 09:51:58,466 INFO 9322 [egg-security] use xssProtection middleware
2020-08-09 09:51:58,466 INFO 9322 [egg-security] use xframe middleware
2020-08-09 09:51:58,466 INFO 9322 [egg-security] use dta middleware
2020-08-09 09:51:58,467 INFO 9322 [egg-security] compose 7 middlewares into one security middleware
2020-08-09 09:51:58,472 INFO 9322 [egg:core] dump config after load, 3ms
2020-08-09 09:51:58,478 INFO 9322 [egg-watcher:application] watcher start success
2020-08-09 09:51:58,486 INFO 9322 [egg:core] dump config after ready, 4ms
2020-08-09 09:54:02,814 INFO 9329 [egg:logger] init all loggers with options: {"dir":"/Users/koolearn/Documents/study/egg-example/logs/egg-example","encoding":"utf8","env":"local","level":"INFO","consoleLevel":"INFO","disableConsoleAfterReady":false,"outputJSON":false,"buffer":true,"appLogName":"egg-example-web.log","coreLogName":"egg-web.log","agentLogName":"egg-agent.log","errorLogName":"common-error.log","coreLogger":{"consoleLevel":"WARN"},"allowDebugAtProd":false,"type":"application"}
2020-08-09 09:54:02,830 INFO 9329 [egg-multipart] stream mode enable
2020-08-09 09:54:02,860 INFO 9329 [egg-static] starting static serve /public/ -> /Users/koolearn/Documents/study/egg-example/app/public
2020-08-09 09:54:02,861 INFO 9329 [egg-security] use csrf middleware
2020-08-09 09:54:02,862 INFO 9329 [egg-security] use methodnoallow middleware
2020-08-09 09:54:02,862 INFO 9329 [egg-security] use noopen middleware
2020-08-09 09:54:02,862 INFO 9329 [egg-security] use nosniff middleware
2020-08-09 09:54:02,863 INFO 9329 [egg-security] use xssProtection middleware
2020-08-09 09:54:02,863 INFO 9329 [egg-security] use xframe middleware
2020-08-09 09:54:02,863 INFO 9329 [egg-security] use dta middleware
2020-08-09 09:54:02,863 INFO 9329 [egg-security] compose 7 middlewares into one security middleware
2020-08-09 09:54:02,868 INFO 9329 [egg:core] dump config after load, 3ms
2020-08-09 09:54:02,875 INFO 9329 [egg-watcher:application] watcher start success
2020-08-09 09:54:02,882 INFO 9329 [egg:core] dump config after ready, 6ms
2020-08-09 10:03:08,106 WARN 9329 [ClusterClient:Watcher] follower closed, and try to init it again
2020-08-09 10:07:45,361 INFO 9375 [egg:logger] init all loggers with options: {"dir":"/Users/koolearn/Documents/study/egg-example/logs/egg-example","encoding":"utf8","env":"local","level":"INFO","consoleLevel":"INFO","disableConsoleAfterReady":false,"outputJSON":false,"buffer":true,"appLogName":"egg-example-web.log","coreLogName":"egg-web.log","agentLogName":"egg-agent.log","errorLogName":"common-error.log","coreLogger":{"consoleLevel":"WARN"},"allowDebugAtProd":false,"type":"application"}
2020-08-09 10:07:45,383 INFO 9375 [egg-multipart] stream mode enable
2020-08-09 10:07:45,446 INFO 9375 [egg-static] starting static serve /public/ -> /Users/koolearn/Documents/study/egg-example/app/public
2020-08-09 10:07:45,448 INFO 9375 [egg-security] use csrf middleware
2020-08-09 10:07:45,448 INFO 9375 [egg-security] use methodnoallow middleware
2020-08-09 10:07:45,449 INFO 9375 [egg-security] use noopen middleware
2020-08-09 10:07:45,450 INFO 9375 [egg-security] use nosniff middleware
2020-08-09 10:07:45,451 INFO 9375 [egg-security] use xssProtection middleware
2020-08-09 10:07:45,451 INFO 9375 [egg-security] use xframe middleware
2020-08-09 10:07:45,452 INFO 9375 [egg-security] use dta middleware
2020-08-09 10:07:45,452 INFO 9375 [egg-security] compose 7 middlewares into one security middleware
2020-08-09 10:07:45,458 INFO 9375 [egg:core] dump config after load, 2ms
2020-08-09 10:07:45,465 INFO 9375 [egg-watcher:application] watcher start success
2020-08-09 10:07:45,472 INFO 9375 [egg:core] dump config after ready, 5ms
2020-08-09 10:15:23,297 INFO 9405 [egg:logger] init all loggers with options: {"dir":"/Users/koolearn/Documents/study/egg-example/logs/egg-example","encoding":"utf8","env":"local","level":"INFO","consoleLevel":"INFO","disableConsoleAfterReady":false,"outputJSON":false,"buffer":true,"appLogName":"egg-example-web.log","coreLogName":"egg-web.log","agentLogName":"egg-agent.log","errorLogName":"common-error.log","coreLogger":{"consoleLevel":"WARN"},"allowDebugAtProd":false,"type":"application"}
2020-08-09 10:15:23,325 INFO 9405 [egg-multipart] stream mode enable
2020-08-09 10:15:23,395 INFO 9405 [egg-static] starting static serve /public/ -> /Users/koolearn/Documents/study/egg-example/app/public
2020-08-09 10:15:23,398 INFO 9405 [egg-security] use csrf middleware
2020-08-09 10:15:23,399 INFO 9405 [egg-security] use methodnoallow middleware
2020-08-09 10:15:23,399 INFO 9405 [egg-security] use noopen middleware
2020-08-09 10:15:23,400 INFO 9405 [egg-security] use nosniff middleware
2020-08-09 10:15:23,401 INFO 9405 [egg-security] use xssProtection middleware
2020-08-09 10:15:23,402 INFO 9405 [egg-security] use xframe middleware
2020-08-09 10:15:23,402 INFO 9405 [egg-security] use dta middleware
2020-08-09 10:15:23,402 INFO 9405 [egg-security] compose 7 middlewares into one security middleware
2020-08-09 10:15:23,411 INFO 9405 [egg:core] dump config after load, 3ms
2020-08-09 10:15:23,418 INFO 9405 [egg-watcher:application] watcher start success
2020-08-09 10:15:23,423 INFO 9405 [egg:core] dump config after ready, 4ms
2020-08-09 10:15:33,699 INFO 9405 [egg-view-nunjucks] loading templates from ["/Users/koolearn/Documents/study/egg-example/app/view"]
2020-08-09 10:16:56,830 INFO 9411 [egg:logger] init all loggers with options: {"dir":"/Users/koolearn/Documents/study/egg-example/logs/egg-example","encoding":"utf8","env":"local","level":"INFO","consoleLevel":"INFO","disableConsoleAfterReady":false,"outputJSON":false,"buffer":true,"appLogName":"egg-example-web.log","coreLogName":"egg-web.log","agentLogName":"egg-agent.log","errorLogName":"common-error.log","coreLogger":{"consoleLevel":"WARN"},"allowDebugAtProd":false,"type":"application"}
2020-08-09 10:16:56,850 INFO 9411 [egg-multipart] stream mode enable
2020-08-09 10:16:56,912 INFO 9411 [egg-static] starting static serve /public/ -> /Users/koolearn/Documents/study/egg-example/app/public
2020-08-09 10:16:56,913 INFO 9411 [egg-security] use csrf middleware
2020-08-09 10:16:56,914 INFO 9411 [egg-security] use methodnoallow middleware
2020-08-09 10:16:56,915 INFO 9411 [egg-security] use noopen middleware
2020-08-09 10:16:56,916 INFO 9411 [egg-security] use nosniff middleware
2020-08-09 10:16:56,916 INFO 9411 [egg-security] use xssProtection middleware
2020-08-09 10:16:56,917 INFO 9411 [egg-security] use xframe middleware
2020-08-09 10:16:56,918 INFO 9411 [egg-security] use dta middleware
2020-08-09 10:16:56,918 INFO 9411 [egg-security] compose 7 middlewares into one security middleware
2020-08-09 10:16:56,925 INFO 9411 [egg:core] dump config after load, 3ms
2020-08-09 10:16:56,931 INFO 9411 [egg-watcher:application] watcher start success
2020-08-09 10:16:56,938 INFO 9411 [egg:core] dump config after ready, 6ms
2020-08-09 10:25:49,440 INFO 9435 [egg:logger] init all loggers with options: {"dir":"/Users/koolearn/Documents/study/egg-example/logs/egg-example","encoding":"utf8","env":"local","level":"INFO","consoleLevel":"INFO","disableConsoleAfterReady":false,"outputJSON":false,"buffer":true,"appLogName":"egg-example-web.log","coreLogName":"egg-web.log","agentLogName":"egg-agent.log","errorLogName":"common-error.log","coreLogger":{"consoleLevel":"WARN"},"allowDebugAtProd":false,"type":"application"}
2020-08-09 10:25:49,467 INFO 9435 [egg-multipart] stream mode enable
2020-08-09 10:25:49,557 INFO 9435 [egg-static] starting static serve /public/ -> /Users/koolearn/Documents/study/egg-example/app/public
2020-08-09 10:25:49,559 INFO 9435 [egg-security] use csrf middleware
2020-08-09 10:25:49,561 INFO 9435 [egg-security] use methodnoallow middleware
2020-08-09 10:25:49,562 INFO 9435 [egg-security] use noopen middleware
2020-08-09 10:25:49,563 INFO 9435 [egg-security] use nosniff middleware
2020-08-09 10:25:49,564 INFO 9435 [egg-security] use xssProtection middleware
2020-08-09 10:25:49,565 INFO 9435 [egg-security] use xframe middleware
2020-08-09 10:25:49,566 INFO 9435 [egg-security] use dta middleware
2020-08-09 10:25:49,566 INFO 9435 [egg-security] compose 7 middlewares into one security middleware
2020-08-09 10:25:49,576 INFO 9435 [egg:core] dump config after load, 3ms
2020-08-09 10:25:49,584 INFO 9435 [egg-watcher:application] watcher start success
2020-08-09 10:25:49,591 INFO 9435 [egg:core] dump config after ready, 4ms
2020-08-09 10:28:17,337 INFO 9443 [egg:logger] init all loggers with options: {"dir":"/Users/koolearn/Documents/study/egg-example/logs/egg-example","encoding":"utf8","env":"local","level":"INFO","consoleLevel":"INFO","disableConsoleAfterReady":false,"outputJSON":false,"buffer":true,"appLogName":"egg-example-web.log","coreLogName":"egg-web.log","agentLogName":"egg-agent.log","errorLogName":"common-error.log","coreLogger":{"consoleLevel":"WARN"},"allowDebugAtProd":false,"type":"application"}
2020-08-09 10:28:17,353 INFO 9443 [egg-multipart] stream mode enable
2020-08-09 10:28:17,383 INFO 9443 [egg-static] starting static serve /public/ -> /Users/koolearn/Documents/study/egg-example/app/public
2020-08-09 10:28:17,384 INFO 9443 [egg-security] use csrf middleware
2020-08-09 10:28:17,384 INFO 9443 [egg-security] use methodnoallow middleware
2020-08-09 10:28:17,385 INFO 9443 [egg-security] use noopen middleware
2020-08-09 10:28:17,385 INFO 9443 [egg-security] use nosniff middleware
2020-08-09 10:28:17,385 INFO 9443 [egg-security] use xssProtection middleware
2020-08-09 10:28:17,385 INFO 9443 [egg-security] use xframe middleware
2020-08-09 10:28:17,386 INFO 9443 [egg-security] use dta middleware
2020-08-09 10:28:17,386 INFO 9443 [egg-security] compose 7 middlewares into one security middleware
2020-08-09 10:28:17,393 INFO 9443 [egg:core] dump config after load, 3ms
2020-08-09 10:28:17,400 INFO 9443 [egg-watcher:application] watcher start success
2020-08-09 10:28:17,405 INFO 9443 [egg:core] dump config after ready, 4ms
2020-08-09 10:30:45,781 INFO 9460 [egg:logger] init all loggers with options: {"dir":"/Users/koolearn/Documents/study/egg-example/logs/egg-example","encoding":"utf8","env":"local","level":"INFO","consoleLevel":"INFO","disableConsoleAfterReady":false,"outputJSON":false,"buffer":true,"appLogName":"egg-example-web.log","coreLogName":"egg-web.log","agentLogName":"egg-agent.log","errorLogName":"common-error.log","coreLogger":{"consoleLevel":"WARN"},"allowDebugAtProd":false,"type":"application"}
2020-08-09 10:30:45,796 INFO 9460 [egg-multipart] stream mode enable
2020-08-09 10:30:45,827 INFO 9460 [egg-static] starting static serve /public/ -> /Users/koolearn/Documents/study/egg-example/app/public
2020-08-09 10:30:45,828 INFO 9460 [egg-security] use csrf middleware
2020-08-09 10:30:45,829 INFO 9460 [egg-security] use methodnoallow middleware
2020-08-09 10:30:45,829 INFO 9460 [egg-security] use noopen middleware
2020-08-09 10:30:45,829 INFO 9460 [egg-security] use nosniff middleware
2020-08-09 10:30:45,830 INFO 9460 [egg-security] use xssProtection middleware
2020-08-09 10:30:45,830 INFO 9460 [egg-security] use xframe middleware
2020-08-09 10:30:45,830 INFO 9460 [egg-security] use dta middleware
2020-08-09 10:30:45,830 INFO 9460 [egg-security] compose 7 middlewares into one security middleware
2020-08-09 10:30:45,836 INFO 9460 [egg:core] dump config after load, 3ms
2020-08-09 10:30:45,844 INFO 9460 [egg-watcher:application] watcher start success
2020-08-09 10:30:45,850 INFO 9460 [egg:core] dump config after ready, 4ms
2020-08-09 10:32:23,112 INFO 9467 [egg:logger] init all loggers with options: {"dir":"/Users/koolearn/Documents/study/egg-example/logs/egg-example","encoding":"utf8","env":"local","level":"INFO","consoleLevel":"INFO","disableConsoleAfterReady":false,"outputJSON":false,"buffer":true,"appLogName":"egg-example-web.log","coreLogName":"egg-web.log","agentLogName":"egg-agent.log","errorLogName":"common-error.log","coreLogger":{"consoleLevel":"WARN"},"allowDebugAtProd":false,"type":"application"}
2020-08-09 10:32:23,128 INFO 9467 [egg-multipart] stream mode enable
2020-08-09 10:32:23,159 INFO 9467 [egg-static] starting static serve /public/ -> /Users/koolearn/Documents/study/egg-example/app/public
2020-08-09 10:32:23,161 INFO 9467 [egg-security] use csrf middleware
2020-08-09 10:32:23,161 INFO 9467 [egg-security] use methodnoallow middleware
2020-08-09 10:32:23,161 INFO 9467 [egg-security] use noopen middleware
2020-08-09 10:32:23,162 INFO 9467 [egg-security] use nosniff middleware
2020-08-09 10:32:23,162 INFO 9467 [egg-security] use xssProtection middleware
2020-08-09 10:32:23,162 INFO 9467 [egg-security] use xframe middleware
2020-08-09 10:32:23,162 INFO 9467 [egg-security] use dta middleware
2020-08-09 10:32:23,162 INFO 9467 [egg-security] compose 7 middlewares into one security middleware
2020-08-09 10:32:23,168 INFO 9467 [egg:core] dump config after load, 3ms
2020-08-09 10:32:23,174 INFO 9467 [egg-watcher:application] watcher start success
2020-08-09 10:32:23,181 INFO 9467 [egg:core] dump config after ready, 6ms
2020-08-09 10:34:15,502 INFO 9503 [egg:logger] init all loggers with options: {"dir":"/Users/koolearn/Documents/study/egg-example/logs/egg-example","encoding":"utf8","env":"local","level":"INFO","consoleLevel":"INFO","disableConsoleAfterReady":false,"outputJSON":false,"buffer":true,"appLogName":"egg-example-web.log","coreLogName":"egg-web.log","agentLogName":"egg-agent.log","errorLogName":"common-error.log","coreLogger":{"consoleLevel":"WARN"},"allowDebugAtProd":false,"type":"application"}
2020-08-09 10:34:15,521 INFO 9503 [egg-multipart] stream mode enable
2020-08-09 10:34:15,555 INFO 9503 [egg-static] starting static serve /public/ -> /Users/koolearn/Documents/study/egg-example/app/public
2020-08-09 10:34:15,557 INFO 9503 [egg-security] use csrf middleware
2020-08-09 10:34:15,558 INFO 9503 [egg-security] use methodnoallow middleware
2020-08-09 10:34:15,558 INFO 9503 [egg-security] use noopen middleware
2020-08-09 10:34:15,558 INFO 9503 [egg-security] use nosniff middleware
2020-08-09 10:34:15,559 INFO 9503 [egg-security] use xssProtection middleware
2020-08-09 10:34:15,559 INFO 9503 [egg-security] use xframe middleware
2020-08-09 10:34:15,560 INFO 9503 [egg-security] use dta middleware
2020-08-09 10:34:15,560 INFO 9503 [egg-security] compose 7 middlewares into one security middleware
2020-08-09 10:34:15,567 INFO 9503 [egg:core] dump config after load, 5ms
2020-08-09 10:34:15,574 INFO 9503 [egg-watcher:application] watcher start success
2020-08-09 10:34:15,579 INFO 9503 [egg:core] dump config after ready, 4ms
2020-08-09 10:36:02,451 INFO 9506 [egg:logger] init all loggers with options: {"dir":"/Users/koolearn/Documents/study/egg-example/logs/egg-example","encoding":"utf8","env":"local","level":"INFO","consoleLevel":"INFO","disableConsoleAfterReady":false,"outputJSON":false,"buffer":true,"appLogName":"egg-example-web.log","coreLogName":"egg-web.log","agentLogName":"egg-agent.log","errorLogName":"common-error.log","coreLogger":{"consoleLevel":"WARN"},"allowDebugAtProd":false,"type":"application"}
2020-08-09 10:36:02,469 INFO 9506 [egg-multipart] stream mode enable
2020-08-09 10:36:02,503 INFO 9506 [egg-static] starting static serve /public/ -> /Users/koolearn/Documents/study/egg-example/app/public
2020-08-09 10:36:02,505 INFO 9506 [egg-security] use csrf middleware
2020-08-09 10:36:02,505 INFO 9506 [egg-security] use methodnoallow middleware
2020-08-09 10:36:02,505 INFO 9506 [egg-security] use noopen middleware
2020-08-09 10:36:02,506 INFO 9506 [egg-security] use nosniff middleware
2020-08-09 10:36:02,506 INFO 9506 [egg-security] use xssProtection middleware
2020-08-09 10:36:02,506 INFO 9506 [egg-security] use xframe middleware
2020-08-09 10:36:02,506 INFO 9506 [egg-security] use dta middleware
2020-08-09 10:36:02,507 INFO 9506 [egg-security] compose 7 middlewares into one security middleware
2020-08-09 10:36:02,513 INFO 9506 [egg:core] dump config after load, 3ms
2020-08-09 10:36:02,520 INFO 9506 [egg-watcher:application] watcher start success
2020-08-09 10:36:02,527 INFO 9506 [egg:core] dump config after ready, 6ms
2020-08-09 10:42:35,436 INFO 9527 [egg:logger] init all loggers with options: {"dir":"/Users/koolearn/Documents/study/egg-example/logs/egg-example","encoding":"utf8","env":"local","level":"INFO","consoleLevel":"INFO","disableConsoleAfterReady":false,"outputJSON":false,"buffer":true,"appLogName":"egg-example-web.log","coreLogName":"egg-web.log","agentLogName":"egg-agent.log","errorLogName":"common-error.log","coreLogger":{"consoleLevel":"WARN"},"allowDebugAtProd":false,"type":"application"}
2020-08-09 10:42:35,465 INFO 9527 [egg-multipart] stream mode enable
2020-08-09 10:42:35,559 INFO 9527 [egg-static] starting static serve /public/ -> /Users/koolearn/Documents/study/egg-example/app/public
2020-08-09 10:42:35,562 INFO 9527 [egg-security] use csrf middleware
2020-08-09 10:42:35,563 INFO 9527 [egg-security] use methodnoallow middleware
2020-08-09 10:42:35,564 INFO 9527 [egg-security] use noopen middleware
2020-08-09 10:42:35,566 INFO 9527 [egg-security] use nosniff middleware
2020-08-09 10:42:35,566 INFO 9527 [egg-security] use xssProtection middleware
2020-08-09 10:42:35,567 INFO 9527 [egg-security] use xframe middleware
2020-08-09 10:42:35,568 INFO 9527 [egg-security] use dta middleware
2020-08-09 10:42:35,568 INFO 9527 [egg-security] compose 7 middlewares into one security middleware
2020-08-09 10:42:35,579 INFO 9527 [egg:core] dump config after load, 4ms
2020-08-09 10:42:35,587 INFO 9527 [egg-watcher:application] watcher start success
2020-08-09 10:42:35,595 INFO 9527 [egg:core] dump config after ready, 7ms
2020-08-09 10:54:34,402 INFO 9550 [egg:logger] init all loggers with options: {"dir":"/Users/koolearn/Documents/study/egg-example/logs/egg-example","encoding":"utf8","env":"local","level":"INFO","consoleLevel":"INFO","disableConsoleAfterReady":false,"outputJSON":false,"buffer":true,"appLogName":"egg-example-web.log","coreLogName":"egg-web.log","agentLogName":"egg-agent.log","errorLogName":"common-error.log","coreLogger":{"consoleLevel":"WARN"},"allowDebugAtProd":false,"type":"application"}
2020-08-09 10:54:34,435 INFO 9550 [egg-multipart] stream mode enable
2020-08-09 10:54:34,542 INFO 9550 [egg-static] starting static serve /public/ -> /Users/koolearn/Documents/study/egg-example/app/public
2020-08-09 10:54:34,545 INFO 9550 [egg-security] use csrf middleware
2020-08-09 10:54:34,547 INFO 9550 [egg-security] use methodnoallow middleware
2020-08-09 10:54:34,548 INFO 9550 [egg-security] use noopen middleware
2020-08-09 10:54:34,550 INFO 9550 [egg-security] use nosniff middleware
2020-08-09 10:54:34,551 INFO 9550 [egg-security] use xssProtection middleware
2020-08-09 10:54:34,552 INFO 9550 [egg-security] use xframe middleware
2020-08-09 10:54:34,554 INFO 9550 [egg-security] use dta middleware
2020-08-09 10:54:34,554 INFO 9550 [egg-security] compose 7 middlewares into one security middleware
2020-08-09 10:54:34,568 INFO 9550 [egg:core] dump config after load, 6ms
2020-08-09 10:54:34,576 INFO 9550 [egg-watcher:application] watcher start success
2020-08-09 10:54:34,582 INFO 9550 [egg:core] dump config after ready, 4ms
2020-08-09 10:54:39,406 INFO 9557 [egg:logger] init all loggers with options: {"dir":"/Users/koolearn/Documents/study/egg-example/logs/egg-example","encoding":"utf8","env":"local","level":"INFO","consoleLevel":"INFO","disableConsoleAfterReady":false,"outputJSON":false,"buffer":true,"appLogName":"egg-example-web.log","coreLogName":"egg-web.log","agentLogName":"egg-agent.log","errorLogName":"common-error.log","coreLogger":{"consoleLevel":"WARN"},"allowDebugAtProd":false,"type":"application"}
2020-08-09 10:54:39,423 INFO 9557 [egg-multipart] stream mode enable
2020-08-09 10:54:39,454 INFO 9557 [egg-static] starting static serve /public/ -> /Users/koolearn/Documents/study/egg-example/app/public
2020-08-09 10:54:39,455 INFO 9557 [egg-security] use csrf middleware
2020-08-09 10:54:39,455 INFO 9557 [egg-security] use methodnoallow middleware
2020-08-09 10:54:39,456 INFO 9557 [egg-security] use noopen middleware
2020-08-09 10:54:39,456 INFO 9557 [egg-security] use nosniff middleware
2020-08-09 10:54:39,456 INFO 9557 [egg-security] use xssProtection middleware
2020-08-09 10:54:39,457 INFO 9557 [egg-security] use xframe middleware
2020-08-09 10:54:39,457 INFO 9557 [egg-security] use dta middleware
2020-08-09 10:54:39,457 INFO 9557 [egg-security] compose 7 middlewares into one security middleware
2020-08-09 10:54:39,464 INFO 9557 [egg:core] dump config after load, 3ms
2020-08-09 10:54:39,470 INFO 9557 [egg-watcher:application] watcher start success
2020-08-09 10:54:39,475 INFO 9557 [egg:core] dump config after ready, 3ms
2020-08-09 10:56:08,046 INFO 9569 [egg:logger] init all loggers with options: {"dir":"/Users/koolearn/Documents/study/egg-example/logs/egg-example","encoding":"utf8","env":"local","level":"INFO","consoleLevel":"INFO","disableConsoleAfterReady":false,"outputJSON":false,"buffer":true,"appLogName":"egg-example-web.log","coreLogName":"egg-web.log","agentLogName":"egg-agent.log","errorLogName":"common-error.log","coreLogger":{"consoleLevel":"WARN"},"allowDebugAtProd":false,"type":"application"}
2020-08-09 10:56:08,073 INFO 9569 [egg-multipart] stream mode enable
2020-08-09 10:56:08,166 INFO 9569 [egg-static] starting static serve /public/ -> /Users/koolearn/Documents/study/egg-example/app/public
2020-08-09 10:56:08,169 INFO 9569 [egg-security] use csrf middleware
2020-08-09 10:56:08,170 INFO 9569 [egg-security] use methodnoallow middleware
2020-08-09 10:56:08,172 INFO 9569 [egg-security] use noopen middleware
2020-08-09 10:56:08,173 INFO 9569 [egg-security] use nosniff middleware
2020-08-09 10:56:08,174 INFO 9569 [egg-security] use xssProtection middleware
2020-08-09 10:56:08,175 INFO 9569 [egg-security] use xframe middleware
2020-08-09 10:56:08,175 INFO 9569 [egg-security] use dta middleware
2020-08-09 10:56:08,175 INFO 9569 [egg-security] compose 7 middlewares into one security middleware
2020-08-09 10:56:08,186 INFO 9569 [egg:core] dump config after load, 6ms
2020-08-09 10:56:08,194 INFO 9569 [egg-watcher:application] watcher start success
2020-08-09 10:56:08,200 INFO 9569 [egg:core] dump config after ready, 4ms
2020-08-09 11:06:37,614 INFO 9626 [egg:logger] init all loggers with options: {"dir":"/Users/koolearn/Documents/study/egg-example/logs/egg-example","encoding":"utf8","env":"local","level":"INFO","consoleLevel":"INFO","disableConsoleAfterReady":false,"outputJSON":false,"buffer":true,"appLogName":"egg-example-web.log","coreLogName":"egg-web.log","agentLogName":"egg-agent.log","errorLogName":"common-error.log","coreLogger":{"consoleLevel":"WARN"},"allowDebugAtProd":false,"type":"application"}
2020-08-09 11:06:37,637 INFO 9626 [egg-multipart] stream mode enable
2020-08-09 11:06:37,711 INFO 9626 [egg-static] starting static serve /public/ -> /Users/koolearn/Documents/study/egg-example/app/public
2020-08-09 11:06:37,713 INFO 9626 [egg-security] use csrf middleware
2020-08-09 11:06:37,714 INFO 9626 [egg-security] use methodnoallow middleware
2020-08-09 11:06:37,714 INFO 9626 [egg-security] use noopen middleware
2020-08-09 11:06:37,715 INFO 9626 [egg-security] use nosniff middleware
2020-08-09 11:06:37,716 INFO 9626 [egg-security] use xssProtection middleware
2020-08-09 11:06:37,717 INFO 9626 [egg-security] use xframe middleware
2020-08-09 11:06:37,717 INFO 9626 [egg-security] use dta middleware
2020-08-09 11:06:37,717 INFO 9626 [egg-security] compose 7 middlewares into one security middleware
2020-08-09 11:06:37,728 INFO 9626 [egg:core] dump config after load, 6ms
2020-08-09 11:06:37,734 INFO 9626 [egg-watcher:application] watcher start success
2020-08-09 11:06:37,739 INFO 9626 [egg:core] dump config after ready, 3ms
2020-08-09 11:09:00,540 INFO 9635 [egg:logger] init all loggers with options: {"dir":"/Users/koolearn/Documents/study/egg-example/logs/egg-example","encoding":"utf8","env":"local","level":"INFO","consoleLevel":"INFO","disableConsoleAfterReady":false,"outputJSON":false,"buffer":true,"appLogName":"egg-example-web.log","coreLogName":"egg-web.log","agentLogName":"egg-agent.log","errorLogName":"common-error.log","coreLogger":{"consoleLevel":"WARN"},"allowDebugAtProd":false,"type":"application"}
2020-08-09 11:09:00,567 INFO 9635 [egg-multipart] stream mode enable
2020-08-09 11:09:00,653 INFO 9635 [egg-static] starting static serve /public/ -> /Users/koolearn/Documents/study/egg-example/app/public
2020-08-09 11:09:00,655 INFO 9635 [egg-security] use csrf middleware
2020-08-09 11:09:00,656 INFO 9635 [egg-security] use methodnoallow middleware
2020-08-09 11:09:00,657 INFO 9635 [egg-security] use noopen middleware
2020-08-09 11:09:00,658 INFO 9635 [egg-security] use nosniff middleware
2020-08-09 11:09:00,659 INFO 9635 [egg-security] use xssProtection middleware
2020-08-09 11:09:00,659 INFO 9635 [egg-security] use xframe middleware
2020-08-09 11:09:00,660 INFO 9635 [egg-security] use dta middleware
2020-08-09 11:09:00,660 INFO 9635 [egg-security] compose 7 middlewares into one security middleware
2020-08-09 11:09:00,670 INFO 9635 [egg:core] dump config after load, 5ms
2020-08-09 11:09:00,679 INFO 9635 [egg-watcher:application] watcher start success
2020-08-09 11:09:00,684 INFO 9635 [egg:core] dump config after ready, 4ms
2020-08-09 11:09:16,242 INFO 9642 [egg:logger] init all loggers with options: {"dir":"/Users/koolearn/Documents/study/egg-example/logs/egg-example","encoding":"utf8","env":"local","level":"INFO","consoleLevel":"INFO","disableConsoleAfterReady":false,"outputJSON":false,"buffer":true,"appLogName":"egg-example-web.log","coreLogName":"egg-web.log","agentLogName":"egg-agent.log","errorLogName":"common-error.log","coreLogger":{"consoleLevel":"WARN"},"allowDebugAtProd":false,"type":"application"}
2020-08-09 11:09:16,259 INFO 9642 [egg-multipart] stream mode enable
2020-08-09 11:09:16,289 INFO 9642 [egg-static] starting static serve /public/ -> /Users/koolearn/Documents/study/egg-example/app/public
2020-08-09 11:09:16,290 INFO 9642 [egg-security] use csrf middleware
2020-08-09 11:09:16,291 INFO 9642 [egg-security] use methodnoallow middleware
2020-08-09 11:09:16,291 INFO 9642 [egg-security] use noopen middleware
2020-08-09 11:09:16,291 INFO 9642 [egg-security] use nosniff middleware
2020-08-09 11:09:16,291 INFO 9642 [egg-security] use xssProtection middleware
2020-08-09 11:09:16,292 INFO 9642 [egg-security] use xframe middleware
2020-08-09 11:09:16,292 INFO 9642 [egg-security] use dta middleware
2020-08-09 11:09:16,292 INFO 9642 [egg-security] compose 7 middlewares into one security middleware
2020-08-09 11:09:16,297 INFO 9642 [egg:core] dump config after load, 3ms
2020-08-09 11:09:16,305 INFO 9642 [egg-watcher:application] watcher start success
2020-08-09 11:09:16,311 INFO 9642 [egg:core] dump config after ready, 4ms
2020-08-09 11:09:43,501 INFO 9643 [egg:logger] init all loggers with options: {"dir":"/Users/koolearn/Documents/study/egg-example/logs/egg-example","encoding":"utf8","env":"local","level":"INFO","consoleLevel":"INFO","disableConsoleAfterReady":false,"outputJSON":false,"buffer":true,"appLogName":"egg-example-web.log","coreLogName":"egg-web.log","agentLogName":"egg-agent.log","errorLogName":"common-error.log","coreLogger":{"consoleLevel":"WARN"},"allowDebugAtProd":false,"type":"application"}
2020-08-09 11:09:43,528 INFO 9643 [egg-multipart] stream mode enable
2020-08-09 11:09:43,615 INFO 9643 [egg-static] starting static serve /public/ -> /Users/koolearn/Documents/study/egg-example/app/public
2020-08-09 11:09:43,618 INFO 9643 [egg-security] use csrf middleware
2020-08-09 11:09:43,619 INFO 9643 [egg-security] use methodnoallow middleware
2020-08-09 11:09:43,620 INFO 9643 [egg-security] use noopen middleware
2020-08-09 11:09:43,620 INFO 9643 [egg-security] use nosniff middleware
2020-08-09 11:09:43,621 INFO 9643 [egg-security] use xssProtection middleware
2020-08-09 11:09:43,622 INFO 9643 [egg-security] use xframe middleware
2020-08-09 11:09:43,623 INFO 9643 [egg-security] use dta middleware
2020-08-09 11:09:43,623 INFO 9643 [egg-security] compose 7 middlewares into one security middleware
2020-08-09 11:09:43,634 INFO 9643 [egg:core] dump config after load, 4ms
2020-08-09 11:09:43,642 INFO 9643 [egg-watcher:application] watcher start success
2020-08-09 11:09:43,649 INFO 9643 [egg:core] dump config after ready, 6ms
2020-08-09 11:10:22,218 INFO 9645 [egg:logger] init all loggers with options: {"dir":"/Users/koolearn/Documents/study/egg-example/logs/egg-example","encoding":"utf8","env":"local","level":"INFO","consoleLevel":"INFO","disableConsoleAfterReady":false,"outputJSON":false,"buffer":true,"appLogName":"egg-example-web.log","coreLogName":"egg-web.log","agentLogName":"egg-agent.log","errorLogName":"common-error.log","coreLogger":{"consoleLevel":"WARN"},"allowDebugAtProd":false,"type":"application"}
2020-08-09 11:10:22,236 INFO 9645 [egg-multipart] stream mode enable
2020-08-09 11:10:22,270 INFO 9645 [egg-static] starting static serve /public/ -> /Users/koolearn/Documents/study/egg-example/app/public
2020-08-09 11:10:22,272 INFO 9645 [egg-security] use csrf middleware
2020-08-09 11:10:22,272 INFO 9645 [egg-security] use methodnoallow middleware
2020-08-09 11:10:22,273 INFO 9645 [egg-security] use noopen middleware
2020-08-09 11:10:22,273 INFO 9645 [egg-security] use nosniff middleware
2020-08-09 11:10:22,274 INFO 9645 [egg-security] use xssProtection middleware
2020-08-09 11:10:22,274 INFO 9645 [egg-security] use xframe middleware
2020-08-09 11:10:22,274 INFO 9645 [egg-security] use dta middleware
2020-08-09 11:10:22,274 INFO 9645 [egg-security] compose 7 middlewares into one security middleware
2020-08-09 11:10:22,281 INFO 9645 [egg:core] dump config after load, 4ms
2020-08-09 11:10:22,288 INFO 9645 [egg-watcher:application] watcher start success
2020-08-09 11:10:22,293 INFO 9645 [egg:core] dump config after ready, 3ms
2020-08-09 11:10:53,766 INFO 9651 [egg:logger] init all loggers with options: {"dir":"/Users/koolearn/Documents/study/egg-example/logs/egg-example","encoding":"utf8","env":"local","level":"INFO","consoleLevel":"INFO","disableConsoleAfterReady":false,"outputJSON":false,"buffer":true,"appLogName":"egg-example-web.log","coreLogName":"egg-web.log","agentLogName":"egg-agent.log","errorLogName":"common-error.log","coreLogger":{"consoleLevel":"WARN"},"allowDebugAtProd":false,"type":"application"}
2020-08-09 11:10:53,785 INFO 9651 [egg-multipart] stream mode enable
2020-08-09 11:10:53,816 INFO 9651 [egg-static] starting static serve /public/ -> /Users/koolearn/Documents/study/egg-example/app/public
2020-08-09 11:10:53,818 INFO 9651 [egg-security] use csrf middleware
2020-08-09 11:10:53,818 INFO 9651 [egg-security] use methodnoallow middleware
2020-08-09 11:10:53,819 INFO 9651 [egg-security] use noopen middleware
2020-08-09 11:10:53,819 INFO 9651 [egg-security] use nosniff middleware
2020-08-09 11:10:53,819 INFO 9651 [egg-security] use xssProtection middleware
2020-08-09 11:10:53,819 INFO 9651 [egg-security] use xframe middleware
2020-08-09 11:10:53,820 INFO 9651 [egg-security] use dta middleware
2020-08-09 11:10:53,820 INFO 9651 [egg-security] compose 7 middlewares into one security middleware
2020-08-09 11:10:53,826 INFO 9651 [egg:core] dump config after load, 3ms
2020-08-09 11:10:53,832 INFO 9651 [egg-watcher:application] watcher start success
2020-08-09 11:10:53,839 INFO 9651 [egg:core] dump config after ready, 5ms
2020-08-09 11:11:19,470 INFO 9653 [egg:logger] init all loggers with options: {"dir":"/Users/koolearn/Documents/study/egg-example/logs/egg-example","encoding":"utf8","env":"local","level":"INFO","consoleLevel":"INFO","disableConsoleAfterReady":false,"outputJSON":false,"buffer":true,"appLogName":"egg-example-web.log","coreLogName":"egg-web.log","agentLogName":"egg-agent.log","errorLogName":"common-error.log","coreLogger":{"consoleLevel":"WARN"},"allowDebugAtProd":false,"type":"application"}
2020-08-09 11:11:19,487 INFO 9653 [egg-multipart] stream mode enable
2020-08-09 11:11:19,522 INFO 9653 [egg-static] starting static serve /public/ -> /Users/koolearn/Documents/study/egg-example/app/public
2020-08-09 11:11:19,523 INFO 9653 [egg-security] use csrf middleware
2020-08-09 11:11:19,524 INFO 9653 [egg-security] use methodnoallow middleware
2020-08-09 11:11:19,524 INFO 9653 [egg-security] use noopen middleware
2020-08-09 11:11:19,525 INFO 9653 [egg-security] use nosniff middleware
2020-08-09 11:11:19,525 INFO 9653 [egg-security] use xssProtection middleware
2020-08-09 11:11:19,525 INFO 9653 [egg-security] use xframe middleware
2020-08-09 11:11:19,526 INFO 9653 [egg-security] use dta middleware
2020-08-09 11:11:19,526 INFO 9653 [egg-security] compose 7 middlewares into one security middleware
2020-08-09 11:11:19,533 INFO 9653 [egg:core] dump config after load, 4ms
2020-08-09 11:11:19,540 INFO 9653 [egg-watcher:application] watcher start success
2020-08-09 11:11:19,545 INFO 9653 [egg:core] dump config after ready, 4ms
2020-08-09 13:58:08,401 WARN 9653 [ClusterClient:Watcher] follower closed, and try to init it again
2020-08-09 14:25:42,656 INFO 10277 [egg:logger] init all loggers with options: {"dir":"/Users/koolearn/Documents/study/egg-example/logs/egg-example","encoding":"utf8","env":"local","level":"INFO","consoleLevel":"INFO","disableConsoleAfterReady":false,"outputJSON":false,"buffer":true,"appLogName":"egg-example-web.log","coreLogName":"egg-web.log","agentLogName":"egg-agent.log","errorLogName":"common-error.log","coreLogger":{"consoleLevel":"WARN"},"allowDebugAtProd":false,"type":"application"}
2020-08-09 14:25:42,681 INFO 10277 [egg-multipart] stream mode enable
2020-08-09 14:25:42,760 INFO 10277 [egg-static] starting static serve /public/ -> /Users/koolearn/Documents/study/egg-example/app/public
2020-08-09 14:25:42,762 INFO 10277 [egg-security] use csrf middleware
2020-08-09 14:25:42,763 INFO 10277 [egg-security] use methodnoallow middleware
2020-08-09 14:25:42,763 INFO 10277 [egg-security] use noopen middleware
2020-08-09 14:25:42,764 INFO 10277 [egg-security] use nosniff middleware
2020-08-09 14:25:42,765 INFO 10277 [egg-security] use xssProtection middleware
2020-08-09 14:25:42,766 INFO 10277 [egg-security] use xframe middleware
2020-08-09 14:25:42,766 INFO 10277 [egg-security] use dta middleware
2020-08-09 14:25:42,766 INFO 10277 [egg-security] compose 7 middlewares into one security middleware
2020-08-09 14:25:42,778 INFO 10277 [egg:core] dump config after load, 7ms
2020-08-09 14:25:42,785 INFO 10277 [egg-watcher:application] watcher start success
2020-08-09 14:25:42,790 INFO 10277 [egg:core] dump config after ready, 4ms
2020-08-09 15:11:47,035 INFO 10350 [egg:logger] init all loggers with options: {"dir":"/Users/koolearn/Documents/study/egg-example/logs/egg-example","encoding":"utf8","env":"local","level":"INFO","consoleLevel":"INFO","disableConsoleAfterReady":false,"outputJSON":false,"buffer":true,"appLogName":"egg-example-web.log","coreLogName":"egg-web.log","agentLogName":"egg-agent.log","errorLogName":"common-error.log","coreLogger":{"consoleLevel":"WARN"},"allowDebugAtProd":false,"type":"application"}
2020-08-09 15:11:47,058 INFO 10350 [egg-multipart] stream mode enable
2020-08-09 15:11:47,148 INFO 10350 [egg-static] starting static serve /public/ -> /Users/koolearn/Documents/study/egg-example/app/public
2020-08-09 15:11:47,151 INFO 10350 [egg-security] use csrf middleware
2020-08-09 15:11:47,152 INFO 10350 [egg-security] use methodnoallow middleware
2020-08-09 15:11:47,153 INFO 10350 [egg-security] use noopen middleware
2020-08-09 15:11:47,154 INFO 10350 [egg-security] use nosniff middleware
2020-08-09 15:11:47,155 INFO 10350 [egg-security] use xssProtection middleware
2020-08-09 15:11:47,155 INFO 10350 [egg-security] use xframe middleware
2020-08-09 15:11:47,156 INFO 10350 [egg-security] use dta middleware
2020-08-09 15:11:47,156 INFO 10350 [egg-security] compose 7 middlewares into one security middleware
2020-08-09 15:11:47,170 INFO 10350 [egg:core] dump config after load, 7ms
2020-08-09 15:11:47,177 INFO 10350 [egg-watcher:application] watcher start success
2020-08-09 15:11:47,183 INFO 10350 [egg:core] dump config after ready, 5ms
2020-08-09 15:18:15,290 INFO 10367 [egg:logger] init all loggers with options: {"dir":"/Users/koolearn/Documents/study/egg-example/logs/egg-example","encoding":"utf8","env":"local","level":"INFO","consoleLevel":"INFO","disableConsoleAfterReady":false,"outputJSON":false,"buffer":true,"appLogName":"egg-example-web.log","coreLogName":"egg-web.log","agentLogName":"egg-agent.log","errorLogName":"common-error.log","coreLogger":{"consoleLevel":"WARN"},"allowDebugAtProd":false,"type":"application"}
2020-08-09 15:18:15,307 INFO 10367 [egg-multipart] stream mode enable
2020-08-09 15:18:15,339 INFO 10367 [egg-static] starting static serve /public/ -> /Users/koolearn/Documents/study/egg-example/app/public
2020-08-09 15:18:15,341 INFO 10367 [egg-security] use csrf middleware
2020-08-09 15:18:15,341 INFO 10367 [egg-security] use methodnoallow middleware
2020-08-09 15:18:15,341 INFO 10367 [egg-security] use noopen middleware
2020-08-09 15:18:15,342 INFO 10367 [egg-security] use nosniff middleware
2020-08-09 15:18:15,342 INFO 10367 [egg-security] use xssProtection middleware
2020-08-09 15:18:15,342 INFO 10367 [egg-security] use xframe middleware
2020-08-09 15:18:15,342 INFO 10367 [egg-security] use dta middleware
2020-08-09 15:18:15,342 INFO 10367 [egg-security] compose 7 middlewares into one security middleware
2020-08-09 15:18:15,352 INFO 10367 [egg:core] dump config after load, 3ms
2020-08-09 15:18:15,359 INFO 10367 [egg-watcher:application] watcher start success
2020-08-09 15:18:15,364 INFO 10367 [egg:core] dump config after ready, 4ms
