2020-08-09 09:44:25,152 INFO 9258 [Timer] /Users/koolearn/Documents/study/egg-example/node_modules/egg-multipart/app/schedule/clean_tmpdir.js next time will execute after 67534851ms at 2020-08-10 04:30:00.003
2020-08-09 09:44:25,152 INFO 9258 [Timer] /Users/koolearn/Documents/study/egg-example/node_modules/egg-logrotator/app/schedule/clean_log.js next time will execute after 51334848ms at 2020-08-10 00:00:00.000
2020-08-09 09:44:25,152 INFO 9258 [Timer] /Users/koolearn/Documents/study/egg-example/node_modules/egg-logrotator/app/schedule/rotate_by_file.js next time will execute after 51335848ms at 2020-08-10 00:00:01.000
2020-08-09 09:44:25,081 INFO 9259 [egg-schedule]: register schedule /Users/koolearn/Documents/study/egg-example/node_modules/egg-multipart/app/schedule/clean_tmpdir.js
2020-08-09 09:44:25,081 INFO 9259 [egg-schedule]: register schedule /Users/koolearn/Documents/study/egg-example/node_modules/egg-logrotator/app/schedule/clean_log.js
2020-08-09 09:44:25,081 INFO 9259 [egg-schedule]: register schedule /Users/koolearn/Documents/study/egg-example/node_modules/egg-logrotator/app/schedule/rotate_by_file.js
2020-08-09 09:50:49,402 INFO 9319 [egg-schedule]: register schedule /Users/koolearn/Documents/study/egg-example/node_modules/egg-multipart/app/schedule/clean_tmpdir.js
2020-08-09 09:50:49,402 INFO 9319 [egg-schedule]: register schedule /Users/koolearn/Documents/study/egg-example/node_modules/egg-logrotator/app/schedule/clean_log.js
2020-08-09 09:50:49,402 INFO 9319 [egg-schedule]: register schedule /Users/koolearn/Documents/study/egg-example/node_modules/egg-logrotator/app/schedule/rotate_by_file.js
2020-08-09 09:51:58,429 INFO 9322 [egg-schedule]: register schedule /Users/koolearn/Documents/study/egg-example/node_modules/egg-multipart/app/schedule/clean_tmpdir.js
2020-08-09 09:51:58,429 INFO 9322 [egg-schedule]: register schedule /Users/koolearn/Documents/study/egg-example/node_modules/egg-logrotator/app/schedule/clean_log.js
2020-08-09 09:51:58,429 INFO 9322 [egg-schedule]: register schedule /Users/koolearn/Documents/study/egg-example/node_modules/egg-logrotator/app/schedule/rotate_by_file.js
2020-08-09 09:54:02,830 INFO 9329 [egg-schedule]: register schedule /Users/koolearn/Documents/study/egg-example/node_modules/egg-multipart/app/schedule/clean_tmpdir.js
2020-08-09 09:54:02,830 INFO 9329 [egg-schedule]: register schedule /Users/koolearn/Documents/study/egg-example/node_modules/egg-logrotator/app/schedule/clean_log.js
2020-08-09 09:54:02,830 INFO 9329 [egg-schedule]: register schedule /Users/koolearn/Documents/study/egg-example/node_modules/egg-logrotator/app/schedule/rotate_by_file.js
2020-08-09 10:07:45,382 INFO 9375 [egg-schedule]: register schedule /Users/koolearn/Documents/study/egg-example/node_modules/egg-multipart/app/schedule/clean_tmpdir.js
2020-08-09 10:07:45,382 INFO 9375 [egg-schedule]: register schedule /Users/koolearn/Documents/study/egg-example/node_modules/egg-logrotator/app/schedule/clean_log.js
2020-08-09 10:07:45,382 INFO 9375 [egg-schedule]: register schedule /Users/koolearn/Documents/study/egg-example/node_modules/egg-logrotator/app/schedule/rotate_by_file.js
2020-08-09 10:15:23,325 INFO 9405 [egg-schedule]: register schedule /Users/koolearn/Documents/study/egg-example/node_modules/egg-multipart/app/schedule/clean_tmpdir.js
2020-08-09 10:15:23,325 INFO 9405 [egg-schedule]: register schedule /Users/koolearn/Documents/study/egg-example/node_modules/egg-logrotator/app/schedule/clean_log.js
2020-08-09 10:15:23,325 INFO 9405 [egg-schedule]: register schedule /Users/koolearn/Documents/study/egg-example/node_modules/egg-logrotator/app/schedule/rotate_by_file.js
2020-08-09 10:16:56,850 INFO 9411 [egg-schedule]: register schedule /Users/koolearn/Documents/study/egg-example/node_modules/egg-multipart/app/schedule/clean_tmpdir.js
2020-08-09 10:16:56,850 INFO 9411 [egg-schedule]: register schedule /Users/koolearn/Documents/study/egg-example/node_modules/egg-logrotator/app/schedule/clean_log.js
2020-08-09 10:16:56,850 INFO 9411 [egg-schedule]: register schedule /Users/koolearn/Documents/study/egg-example/node_modules/egg-logrotator/app/schedule/rotate_by_file.js
2020-08-09 10:25:49,467 INFO 9435 [egg-schedule]: register schedule /Users/koolearn/Documents/study/egg-example/node_modules/egg-multipart/app/schedule/clean_tmpdir.js
2020-08-09 10:25:49,467 INFO 9435 [egg-schedule]: register schedule /Users/koolearn/Documents/study/egg-example/node_modules/egg-logrotator/app/schedule/clean_log.js
2020-08-09 10:25:49,467 INFO 9435 [egg-schedule]: register schedule /Users/koolearn/Documents/study/egg-example/node_modules/egg-logrotator/app/schedule/rotate_by_file.js
2020-08-09 10:28:17,352 INFO 9443 [egg-schedule]: register schedule /Users/koolearn/Documents/study/egg-example/node_modules/egg-multipart/app/schedule/clean_tmpdir.js
2020-08-09 10:28:17,352 INFO 9443 [egg-schedule]: register schedule /Users/koolearn/Documents/study/egg-example/node_modules/egg-logrotator/app/schedule/clean_log.js
2020-08-09 10:28:17,352 INFO 9443 [egg-schedule]: register schedule /Users/koolearn/Documents/study/egg-example/node_modules/egg-logrotator/app/schedule/rotate_by_file.js
2020-08-09 10:30:45,796 INFO 9460 [egg-schedule]: register schedule /Users/koolearn/Documents/study/egg-example/node_modules/egg-multipart/app/schedule/clean_tmpdir.js
2020-08-09 10:30:45,796 INFO 9460 [egg-schedule]: register schedule /Users/koolearn/Documents/study/egg-example/node_modules/egg-logrotator/app/schedule/clean_log.js
2020-08-09 10:30:45,796 INFO 9460 [egg-schedule]: register schedule /Users/koolearn/Documents/study/egg-example/node_modules/egg-logrotator/app/schedule/rotate_by_file.js
2020-08-09 10:32:23,127 INFO 9467 [egg-schedule]: register schedule /Users/koolearn/Documents/study/egg-example/node_modules/egg-multipart/app/schedule/clean_tmpdir.js
2020-08-09 10:32:23,127 INFO 9467 [egg-schedule]: register schedule /Users/koolearn/Documents/study/egg-example/node_modules/egg-logrotator/app/schedule/clean_log.js
2020-08-09 10:32:23,127 INFO 9467 [egg-schedule]: register schedule /Users/koolearn/Documents/study/egg-example/node_modules/egg-logrotator/app/schedule/rotate_by_file.js
2020-08-09 10:34:15,520 INFO 9503 [egg-schedule]: register schedule /Users/koolearn/Documents/study/egg-example/node_modules/egg-multipart/app/schedule/clean_tmpdir.js
2020-08-09 10:34:15,520 INFO 9503 [egg-schedule]: register schedule /Users/koolearn/Documents/study/egg-example/node_modules/egg-logrotator/app/schedule/clean_log.js
2020-08-09 10:34:15,520 INFO 9503 [egg-schedule]: register schedule /Users/koolearn/Documents/study/egg-example/node_modules/egg-logrotator/app/schedule/rotate_by_file.js
2020-08-09 10:36:02,468 INFO 9506 [egg-schedule]: register schedule /Users/koolearn/Documents/study/egg-example/node_modules/egg-multipart/app/schedule/clean_tmpdir.js
2020-08-09 10:36:02,468 INFO 9506 [egg-schedule]: register schedule /Users/koolearn/Documents/study/egg-example/node_modules/egg-logrotator/app/schedule/clean_log.js
2020-08-09 10:36:02,468 INFO 9506 [egg-schedule]: register schedule /Users/koolearn/Documents/study/egg-example/node_modules/egg-logrotator/app/schedule/rotate_by_file.js
2020-08-09 10:42:35,465 INFO 9527 [egg-schedule]: register schedule /Users/koolearn/Documents/study/egg-example/node_modules/egg-multipart/app/schedule/clean_tmpdir.js
2020-08-09 10:42:35,465 INFO 9527 [egg-schedule]: register schedule /Users/koolearn/Documents/study/egg-example/node_modules/egg-logrotator/app/schedule/clean_log.js
2020-08-09 10:42:35,465 INFO 9527 [egg-schedule]: register schedule /Users/koolearn/Documents/study/egg-example/node_modules/egg-logrotator/app/schedule/rotate_by_file.js
2020-08-09 10:54:34,435 INFO 9550 [egg-schedule]: register schedule /Users/koolearn/Documents/study/egg-example/node_modules/egg-multipart/app/schedule/clean_tmpdir.js
2020-08-09 10:54:34,435 INFO 9550 [egg-schedule]: register schedule /Users/koolearn/Documents/study/egg-example/node_modules/egg-logrotator/app/schedule/clean_log.js
2020-08-09 10:54:34,435 INFO 9550 [egg-schedule]: register schedule /Users/koolearn/Documents/study/egg-example/node_modules/egg-logrotator/app/schedule/rotate_by_file.js
2020-08-09 10:54:39,422 INFO 9557 [egg-schedule]: register schedule /Users/koolearn/Documents/study/egg-example/node_modules/egg-multipart/app/schedule/clean_tmpdir.js
2020-08-09 10:54:39,422 INFO 9557 [egg-schedule]: register schedule /Users/koolearn/Documents/study/egg-example/node_modules/egg-logrotator/app/schedule/clean_log.js
2020-08-09 10:54:39,422 INFO 9557 [egg-schedule]: register schedule /Users/koolearn/Documents/study/egg-example/node_modules/egg-logrotator/app/schedule/rotate_by_file.js
2020-08-09 10:56:08,072 INFO 9569 [egg-schedule]: register schedule /Users/koolearn/Documents/study/egg-example/node_modules/egg-multipart/app/schedule/clean_tmpdir.js
2020-08-09 10:56:08,072 INFO 9569 [egg-schedule]: register schedule /Users/koolearn/Documents/study/egg-example/node_modules/egg-logrotator/app/schedule/clean_log.js
2020-08-09 10:56:08,072 INFO 9569 [egg-schedule]: register schedule /Users/koolearn/Documents/study/egg-example/node_modules/egg-logrotator/app/schedule/rotate_by_file.js
2020-08-09 11:06:37,637 INFO 9626 [egg-schedule]: register schedule /Users/koolearn/Documents/study/egg-example/node_modules/egg-multipart/app/schedule/clean_tmpdir.js
2020-08-09 11:06:37,637 INFO 9626 [egg-schedule]: register schedule /Users/koolearn/Documents/study/egg-example/node_modules/egg-logrotator/app/schedule/clean_log.js
2020-08-09 11:06:37,637 INFO 9626 [egg-schedule]: register schedule /Users/koolearn/Documents/study/egg-example/node_modules/egg-logrotator/app/schedule/rotate_by_file.js
2020-08-09 11:09:00,566 INFO 9635 [egg-schedule]: register schedule /Users/koolearn/Documents/study/egg-example/node_modules/egg-multipart/app/schedule/clean_tmpdir.js
2020-08-09 11:09:00,566 INFO 9635 [egg-schedule]: register schedule /Users/koolearn/Documents/study/egg-example/node_modules/egg-logrotator/app/schedule/clean_log.js
2020-08-09 11:09:00,566 INFO 9635 [egg-schedule]: register schedule /Users/koolearn/Documents/study/egg-example/node_modules/egg-logrotator/app/schedule/rotate_by_file.js
2020-08-09 11:09:16,258 INFO 9642 [egg-schedule]: register schedule /Users/koolearn/Documents/study/egg-example/node_modules/egg-multipart/app/schedule/clean_tmpdir.js
2020-08-09 11:09:16,258 INFO 9642 [egg-schedule]: register schedule /Users/koolearn/Documents/study/egg-example/node_modules/egg-logrotator/app/schedule/clean_log.js
2020-08-09 11:09:16,258 INFO 9642 [egg-schedule]: register schedule /Users/koolearn/Documents/study/egg-example/node_modules/egg-logrotator/app/schedule/rotate_by_file.js
2020-08-09 11:09:43,527 INFO 9643 [egg-schedule]: register schedule /Users/koolearn/Documents/study/egg-example/node_modules/egg-multipart/app/schedule/clean_tmpdir.js
2020-08-09 11:09:43,527 INFO 9643 [egg-schedule]: register schedule /Users/koolearn/Documents/study/egg-example/node_modules/egg-logrotator/app/schedule/clean_log.js
2020-08-09 11:09:43,527 INFO 9643 [egg-schedule]: register schedule /Users/koolearn/Documents/study/egg-example/node_modules/egg-logrotator/app/schedule/rotate_by_file.js
2020-08-09 11:10:22,236 INFO 9645 [egg-schedule]: register schedule /Users/koolearn/Documents/study/egg-example/node_modules/egg-multipart/app/schedule/clean_tmpdir.js
2020-08-09 11:10:22,236 INFO 9645 [egg-schedule]: register schedule /Users/koolearn/Documents/study/egg-example/node_modules/egg-logrotator/app/schedule/clean_log.js
2020-08-09 11:10:22,236 INFO 9645 [egg-schedule]: register schedule /Users/koolearn/Documents/study/egg-example/node_modules/egg-logrotator/app/schedule/rotate_by_file.js
2020-08-09 11:10:53,785 INFO 9651 [egg-schedule]: register schedule /Users/koolearn/Documents/study/egg-example/node_modules/egg-multipart/app/schedule/clean_tmpdir.js
2020-08-09 11:10:53,785 INFO 9651 [egg-schedule]: register schedule /Users/koolearn/Documents/study/egg-example/node_modules/egg-logrotator/app/schedule/clean_log.js
2020-08-09 11:10:53,785 INFO 9651 [egg-schedule]: register schedule /Users/koolearn/Documents/study/egg-example/node_modules/egg-logrotator/app/schedule/rotate_by_file.js
2020-08-09 11:11:19,487 INFO 9653 [egg-schedule]: register schedule /Users/koolearn/Documents/study/egg-example/node_modules/egg-multipart/app/schedule/clean_tmpdir.js
2020-08-09 11:11:19,487 INFO 9653 [egg-schedule]: register schedule /Users/koolearn/Documents/study/egg-example/node_modules/egg-logrotator/app/schedule/clean_log.js
2020-08-09 11:11:19,487 INFO 9653 [egg-schedule]: register schedule /Users/koolearn/Documents/study/egg-example/node_modules/egg-logrotator/app/schedule/rotate_by_file.js
2020-08-09 14:25:42,681 INFO 10277 [egg-schedule]: register schedule /Users/koolearn/Documents/study/egg-example/node_modules/egg-multipart/app/schedule/clean_tmpdir.js
2020-08-09 14:25:42,681 INFO 10277 [egg-schedule]: register schedule /Users/koolearn/Documents/study/egg-example/node_modules/egg-logrotator/app/schedule/clean_log.js
2020-08-09 14:25:42,681 INFO 10277 [egg-schedule]: register schedule /Users/koolearn/Documents/study/egg-example/node_modules/egg-logrotator/app/schedule/rotate_by_file.js
2020-08-09 15:11:47,058 INFO 10350 [egg-schedule]: register schedule /Users/koolearn/Documents/study/egg-example/node_modules/egg-multipart/app/schedule/clean_tmpdir.js
2020-08-09 15:11:47,058 INFO 10350 [egg-schedule]: register schedule /Users/koolearn/Documents/study/egg-example/node_modules/egg-logrotator/app/schedule/clean_log.js
2020-08-09 15:11:47,058 INFO 10350 [egg-schedule]: register schedule /Users/koolearn/Documents/study/egg-example/node_modules/egg-logrotator/app/schedule/rotate_by_file.js
2020-08-09 15:18:15,306 INFO 10367 [egg-schedule]: register schedule /Users/koolearn/Documents/study/egg-example/node_modules/egg-multipart/app/schedule/clean_tmpdir.js
2020-08-09 15:18:15,306 INFO 10367 [egg-schedule]: register schedule /Users/koolearn/Documents/study/egg-example/node_modules/egg-logrotator/app/schedule/clean_log.js
2020-08-09 15:18:15,306 INFO 10367 [egg-schedule]: register schedule /Users/koolearn/Documents/study/egg-example/node_modules/egg-logrotator/app/schedule/rotate_by_file.js
